# JRE version: Java(TM) SE Runtime Environment (8.0_05-b13) (build 1.8.0_05-b13)
# Java VM: Java HotSpot(TM) 64-Bit Server VM (25.5-b02 mixed mode bsd-amd64 compressed oops)
Heap:
 PSYoungGen      total 5120K, used 1179K [0x00000007aab00000, 0x00000007ab480000, 0x00000007c0000000)
  eden space 4096K, 4% used [0x00000007aab00000,0x00000007aab29bd0,0x00000007aaf00000)
  from space 1024K, 98% used [0x00000007aaf00000,0x00000007aaffd1e0,0x00000007ab000000)
  to   space 1536K, 0% used [0x00000007ab300000,0x00000007ab300000,0x00000007ab480000)
 ParOldGen       total 64000K, used 1520K [0x0000000780000000, 0x0000000783e80000, 0x00000007aab00000)
  object space 64000K, 2% used [0x0000000780000000,0x000000078017c0f8,0x0000000783e80000)
 Metaspace       used 7273K, capacity 7375K, committed 7424K, reserved 1056768K
  class space    used 722K, capacity 754K, committed 768K, reserved 1048576K
GC Heap History (10 events):
Event: 0.312 GC heap before
{Heap before GC invocations=5 (full 0):
 PSYoungGen      total 1536K, used 1521K [0x00000007aab00000, 0x00000007aad00000, 0x00000007c0000000)
  eden space 1024K, 100% used [0x00000007aab00000,0x00000007aac00000,0x00000007aac00000)
  from space 512K, 97% used [0x00000007aac80000,0x00000007aacfc4e8,0x00000007aad00000)
  to   space 512K, 0% used [0x00000007aac00000,0x00000007aac00000,0x00000007aac80000)
 ParOldGen       total 64000K, used 289K [0x0000000780000000, 0x0000000783e80000, 0x00000007aab00000)
  object space 64000K, 0% used [0x0000000780000000,0x00000007800487c8,0x0000000783e80000)
 Metaspace       used 3601K, capacity 4792K, committed 5120K, reserved 1056768K
  class space    used 384K, capacity 424K, committed 512K, reserved 1048576K
Event: 0.313 GC heap after
Heap after GC invocations=5 (full 0):
 PSYoungGen      total 1536K, used 480K [0x00000007aab00000, 0x00000007aaf00000, 0x00000007c0000000)
  eden space 1024K, 0% used [0x00000007aab00000,0x00000007aab00000,0x00000007aac00000)
  from space 512K, 93% used [0x00000007aac00000,0x00000007aac78020,0x00000007aac80000)
  to   space 1024K, 0% used [0x00000007aae00000,0x00000007aae00000,0x00000007aaf00000)
 ParOldGen       total 64000K, used 563K [0x0000000780000000, 0x0000000783e80000, 0x00000007aab00000)
  object space 64000K, 0% used [0x0000000780000000,0x000000078008ccb8,0x0000000783e80000)
 Metaspace       used 3601K, capacity 4792K, committed 5120K, reserved 1056768K
  class space    used 384K, capacity 424K, committed 512K, reserved 1048576K
}
Event: 0.504 GC heap before
{Heap before GC invocations=6 (full 0):
 PSYoungGen      total 1536K, used 1499K [0x00000007aab00000, 0x00000007aaf00000, 0x00000007c0000000)
  eden space 1024K, 99% used [0x00000007aab00000,0x00000007aabfee30,0x00000007aac00000)
  from space 512K, 93% used [0x00000007aac00000,0x00000007aac78020,0x00000007aac80000)
  to   space 1024K, 0% used [0x00000007aae00000,0x00000007aae00000,0x00000007aaf00000)
 ParOldGen       total 64000K, used 563K [0x0000000780000000, 0x0000000783e80000, 0x00000007aab00000)
  object space 64000K, 0% used [0x0000000780000000,0x000000078008ccb8,0x0000000783e80000)
 Metaspace       used 4580K, capacity 5056K, committed 5248K, reserved 1056768K
  class space    used 506K, capacity 560K, committed 640K, reserved 1048576K
Event: 0.506 GC heap after
Heap after GC invocations=6 (full 0):
 PSYoungGen      total 3072K, used 835K [0x00000007aab00000, 0x00000007aaf00000, 0x00000007c0000000)
  eden space 2048K, 0% used [0x00000007aab00000,0x00000007aab00000,0x00000007aad00000)
  from space 1024K, 81% used [0x00000007aae00000,0x00000007aaed0d30,0x00000007aaf00000)
  to   space 1024K, 0% used [0x00000007aad00000,0x00000007aad00000,0x00000007aae00000)
 ParOldGen       total 64000K, used 571K [0x0000000780000000, 0x0000000783e80000, 0x00000007aab00000)
  object space 64000K, 0% used [0x0000000780000000,0x000000078008ecb8,0x0000000783e80000)
 Metaspace       used 4580K, capacity 5056K, committed 5248K, reserved 1056768K
  class space    used 506K, capacity 560K, committed 640K, reserved 1048576K
}
Event: 0.605 GC heap before
{Heap before GC invocations=7 (full 0):
 PSYoungGen      total 3072K, used 2883K [0x00000007aab00000, 0x00000007aaf00000, 0x00000007c0000000)
  eden space 2048K, 100% used [0x00000007aab00000,0x00000007aad00000,0x00000007aad00000)
  from space 1024K, 81% used [0x00000007aae00000,0x00000007aaed0d30,0x00000007aaf00000)
  to   space 1024K, 0% used [0x00000007aad00000,0x00000007aad00000,0x00000007aae00000)
 ParOldGen       total 64000K, used 571K [0x0000000780000000, 0x0000000783e80000, 0x00000007aab00000)
  object space 64000K, 0% used [0x0000000780000000,0x000000078008ecb8,0x0000000783e80000)
 Metaspace       used 5481K, capacity 5588K, committed 5888K, reserved 1056768K
  class space    used 612K, capacity 658K, committed 768K, reserved 1048576K
Event: 0.607 GC heap after
Heap after GC invocations=7 (full 0):
 PSYoungGen      total 3072K, used 749K [0x00000007aab00000, 0x00000007ab100000, 0x00000007c0000000)
  eden space 2048K, 0% used [0x00000007aab00000,0x00000007aab00000,0x00000007aad00000)
  from space 1024K, 73% used [0x00000007aad00000,0x00000007aadbb528,0x00000007aae00000)
  to   space 1024K, 0% used [0x00000007ab000000,0x00000007ab000000,0x00000007ab100000)
 ParOldGen       total 64000K, used 884K [0x0000000780000000, 0x0000000783e80000, 0x00000007aab00000)
  object space 64000K, 1% used [0x0000000780000000,0x00000007800dd370,0x0000000783e80000)
 Metaspace       used 5481K, capacity 5588K, committed 5888K, reserved 1056768K
  class space    used 612K, capacity 658K, committed 768K, reserved 1048576K
}
Event: 0.713 GC heap before
{Heap before GC invocations=8 (full 0):
 PSYoungGen      total 3072K, used 2771K [0x00000007aab00000, 0x00000007ab100000, 0x00000007c0000000)
  eden space 2048K, 98% used [0x00000007aab00000,0x00000007aacf9958,0x00000007aad00000)
  from space 1024K, 73% used [0x00000007aad00000,0x00000007aadbb528,0x00000007aae00000)
  to   space 1024K, 0% used [0x00000007ab000000,0x00000007ab000000,0x00000007ab100000)
 ParOldGen       total 64000K, used 884K [0x0000000780000000, 0x0000000783e80000, 0x00000007aab00000)
  object space 64000K, 1% used [0x0000000780000000,0x00000007800dd370,0x0000000783e80000)
 Metaspace       used 6281K, capacity 6351K, committed 6656K, reserved 1056768K
  class space    used 661K, capacity 690K, committed 768K, reserved 1048576K
Event: 0.716 GC heap after
Heap after GC invocations=8 (full 0):
 PSYoungGen      total 5120K, used 864K [0x00000007aab00000, 0x00000007ab100000, 0x00000007c0000000)
  eden space 4096K, 0% used [0x00000007aab00000,0x00000007aab00000,0x00000007aaf00000)
  from space 1024K, 84% used [0x00000007ab000000,0x00000007ab0d8000,0x00000007ab100000)
  to   space 1024K, 0% used [0x00000007aaf00000,0x00000007aaf00000,0x00000007ab000000)
 ParOldGen       total 64000K, used 956K [0x0000000780000000, 0x0000000783e80000, 0x00000007aab00000)
  object space 64000K, 1% used [0x0000000780000000,0x00000007800ef370,0x0000000783e80000)
 Metaspace       used 6281K, capacity 6351K, committed 6656K, reserved 1056768K
  class space    used 661K, capacity 690K, committed 768K, reserved 1048576K
}
Event: 1.079 GC heap before
{Heap before GC invocations=9 (full 0):
 PSYoungGen      total 5120K, used 4960K [0x00000007aab00000, 0x00000007ab100000, 0x00000007c0000000)
  eden space 4096K, 100% used [0x00000007aab00000,0x00000007aaf00000,0x00000007aaf00000)
  from space 1024K, 84% used [0x00000007ab000000,0x00000007ab0d8000,0x00000007ab100000)
  to   space 1024K, 0% used [0x00000007aaf00000,0x00000007aaf00000,0x00000007ab000000)
 ParOldGen       total 64000K, used 956K [0x0000000780000000, 0x0000000783e80000, 0x00000007aab00000)
  object space 64000K, 1% used [0x0000000780000000,0x00000007800ef370,0x0000000783e80000)
 Metaspace       used 7211K, capacity 7311K, committed 7424K, reserved 1056768K
  class space    used 720K, capacity 754K, committed 768K, reserved 1048576K
Event: 1.081 GC heap after
Heap after GC invocations=9 (full 0):
 PSYoungGen      total 5120K, used 1012K [0x00000007aab00000, 0x00000007ab480000, 0x00000007c0000000)
  eden space 4096K, 0% used [0x00000007aab00000,0x00000007aab00000,0x00000007aaf00000)
  from space 1024K, 98% used [0x00000007aaf00000,0x00000007aaffd1e0,0x00000007ab000000)
  to   space 1536K, 0% used [0x00000007ab300000,0x00000007ab300000,0x00000007ab480000)
 ParOldGen       total 64000K, used 1520K [0x0000000780000000, 0x0000000783e80000, 0x00000007aab00000)
  object space 64000K, 2% used [0x0000000780000000,0x000000078017c0f8,0x0000000783e80000)
 Metaspace       used 7211K, capacity 7311K, committed 7424K, reserved 1056768K
  class space    used 720K, capacity 754K, committed 768K, reserved 1048576K
}

